<?xml version="1.0" encoding="UTF-8"?>
<!-- Generated by org.testng.reporters.JUnitReportReporter -->
<testsuite skipped="0" hostname="DESKTOP-CAD5Q0J" name="com.course.cases.UpdateUserInfoTest" tests="2" failures="0" timestamp="2020-09-12T16:54:40 CST" time="20.247" errors="0">
  <testcase name="updateUserInfo" time="10.164" classname="com.course.cases.UpdateUserInfoTest"/>
  <system-out/>
  <testcase name="deleteUser" time="10.083" classname="com.course.cases.UpdateUserInfoTest"/>
  <system-out/>
</testsuite> <!-- com.course.cases.UpdateUserInfoTest -->
