<?xml version="1.0" encoding="UTF-8"?>
<!-- Generated by org.testng.reporters.JUnitReportReporter -->
<testsuite skipped="0" hostname="DESKTOP-CAD5Q0J" name="com.course.cases.GetUserInfoTest" tests="1" failures="0" timestamp="2020-09-12T16:54:40 CST" time="0.106" errors="0">
  <testcase name="getUserInfo" time="0.106" classname="com.course.cases.GetUserInfoTest"/>
  <system-out/>
</testsuite> <!-- com.course.cases.GetUserInfoTest -->
