<?xml version="1.0" encoding="UTF-8"?>
<!-- Generated by org.testng.reporters.JUnitReportReporter -->
<testsuite skipped="0" hostname="DESKTOP-CAD5Q0J" name="com.course.cases.LoginTest" tests="2" failures="0" timestamp="2020-09-12T16:54:40 CST" time="1.643" errors="0">
  <testcase name="loginTrue" time="1.573" classname="com.course.cases.LoginTest"/>
  <system-out/>
  <testcase name="loginFalse" time="0.070" classname="com.course.cases.LoginTest"/>
  <system-out/>
</testsuite> <!-- com.course.cases.LoginTest -->
